<?xml version="1.0" encoding="UTF-8"?>
<testng-results ignored="0" total="1" passed="1" failed="0" skipped="0">
  <reporter-output>
  </reporter-output>
  <suite started-at="2020-06-24T13:12:39 IST" name="Suite" finished-at="2020-06-24T13:13:06 IST" duration-ms="27050">
    <groups>
    </groups>
    <test started-at="2020-06-24T13:12:39 IST" name="Test" finished-at="2020-06-24T13:13:06 IST" duration-ms="27050">
      <class name="FirstTestNG.NewTest">
        <test-method is-config="true" signature="beforeClass()[pri:0, instance:FirstTestNG.NewTest@3d121db3]" started-at="2020-06-24T13:12:39 IST" name="beforeClass" finished-at="2020-06-24T13:12:43 IST" duration-ms="3865" status="PASS">
          <reporter-output>
          </reporter-output>
        </test-method> <!-- beforeClass -->
        <test-method signature="f()[pri:0, instance:FirstTestNG.NewTest@3d121db3]" started-at="2020-06-24T13:12:43 IST" name="f" finished-at="2020-06-24T13:13:06 IST" duration-ms="22176" status="PASS">
          <reporter-output>
          </reporter-output>
        </test-method> <!-- f -->
        <test-method is-config="true" signature="afterClass()[pri:0, instance:FirstTestNG.NewTest@3d121db3]" started-at="2020-06-24T13:13:06 IST" name="afterClass" finished-at="2020-06-24T13:13:06 IST" duration-ms="972" status="PASS">
          <reporter-output>
          </reporter-output>
        </test-method> <!-- afterClass -->
      </class> <!-- FirstTestNG.NewTest -->
    </test> <!-- Test -->
  </suite> <!-- Suite -->
</testng-results>
