<?xml version="1.0" encoding="UTF-8"?>
<testng-results total="1" passed="1" failed="0" skipped="0">
  <reporter-output>
  </reporter-output>
  <suite started-at="2020-03-10T00:36:10Z" name="Suite" finished-at="2020-03-10T00:36:15Z" duration-ms="5442">
    <groups>
    </groups>
    <test started-at="2020-03-10T00:36:10Z" name="Test" finished-at="2020-03-10T00:36:15Z" duration-ms="5442">
      <class name="FirstTestNG.NewTest">
        <test-method is-config="true" signature="beforeClass()[pri:0, instance:FirstTestNG.NewTest@67c33749]" started-at="2020-03-10T00:36:10Z" name="beforeClass" finished-at="2020-03-10T00:36:13Z" duration-ms="2628" status="PASS">
        </test-method>
        <test-method signature="f()[pri:0, instance:FirstTestNG.NewTest@67c33749]" started-at="2020-03-10T00:36:13Z" name="f" finished-at="2020-03-10T00:36:15Z" duration-ms="2061" status="PASS">
        </test-method>
        <test-method is-config="true" signature="afterClass()[pri:0, instance:FirstTestNG.NewTest@67c33749]" started-at="2020-03-10T00:36:15Z" name="afterClass" finished-at="2020-03-10T00:36:15Z" duration-ms="739" status="PASS">
        </test-method>
      </class>
    </test>
  </suite>
</testng-results>
